[19:44:47] [main/INFO]: Loading Minecraft 1.21.10 with Fabric Loader 0.17.2
[19:44:47] [main/INFO]: Loading 93 mods:
	- fabric-api 0.135.0+1.21.10
	   |-- fabric-api-base 1.0.0+14b92d896f
	   |-- fabric-api-lookup-api-v1 1.6.106+d17682156f
	   |-- fabric-biome-api-v1 16.1.0+c2417d4f6f
	   |-- fabric-block-api-v1 1.1.5+d17682156f
	   |-- fabric-block-view-api-v2 1.0.34+e4fd1b926f
	   |-- fabric-command-api-v2 2.4.0+c0ab2d5d6f
	   |-- fabric-content-registries-v0 10.2.4+b6a242646f
	   |-- fabric-convention-tags-v1 2.1.48+7f945d5b6f
	   |-- fabric-convention-tags-v2 2.16.0+552403eb6f
	   |-- fabric-crash-report-info-v1 0.3.18+33df5e6e6f
	   |-- fabric-data-attachment-api-v1 1.8.29+9bce411b6f
	   |-- fabric-data-generation-api-v1 23.2.23+d8b85ef16f
	   |-- fabric-dimensions-v1 4.0.22+38b9cc196f
	   |-- fabric-entity-events-v1 2.1.13+fde3702c6f
	   |-- fabric-events-interaction-v0 4.0.35+5ba217126f
	   |-- fabric-game-rule-api-v1 1.1.1+e47eaae56f
	   |-- fabric-item-api-v1 11.5.9+9bce411b6f
	   |-- fabric-item-group-api-v1 4.2.25+86b3ae576f
	   |-- fabric-key-binding-api-v1 1.1.1+b3ba9c486f
	   |-- fabric-lifecycle-events-v1 2.6.9+33df5e6e6f
	   |-- fabric-loot-api-v2 3.0.65+3f89f5a56f
	   |-- fabric-loot-api-v3 2.0.12+d17682156f
	   |-- fabric-message-api-v1 6.1.7+3154c1c86f
	   |-- fabric-model-loading-api-v1 6.0.1+3ffd6ef06f
	   |-- fabric-networking-api-v1 5.0.13+d269470c6f
	   |-- fabric-object-builder-api-v1 21.1.25+9bce411b6f
	   |-- fabric-particles-v1 4.2.2+a0ee59a46f
	   |-- fabric-recipe-api-v1 8.1.26+d17682156f
	   |-- fabric-registry-sync-v0 6.1.41+679c8c5c6f
	   |-- fabric-renderer-api-v1 7.1.2+328a75ba6f
	   |-- fabric-renderer-indigo 4.1.0+d7df91576f
	   |-- fabric-rendering-fluids-v1 3.1.38+86b3ae576f
	   |-- fabric-rendering-v1 16.0.2+91152d886f
	   |-- fabric-resource-conditions-api-v1 5.0.28+33df5e6e6f
	   |-- fabric-resource-loader-v0 3.2.3+3388a3b26f
	   |-- fabric-resource-loader-v1 1.0.3+8cc86c156f
	   |-- fabric-screen-api-v1 3.1.0+9c82a7986f
	   |-- fabric-screen-handler-api-v1 1.3.150+d17682156f
	   |-- fabric-serialization-api-v1 1.0.0+d857c9766f
	   |-- fabric-sound-api-v1 1.0.45+328a75ba6f
	   |-- fabric-tag-api-v1 1.2.11+2fa446b26f
	   |-- fabric-transfer-api-v1 6.0.15+79ec2c126f
	   \-- fabric-transitive-access-wideners-v1 6.5.3+41eb43436f
	- fabricloader 0.17.2
	   \-- mixinextras 0.5.0
	- floodgate 2.2.6-SNAPSHOT
	   |-- aopalliance_aopalliance 1.0
	   |-- com_google_guava_failureaccess 1.0.1
	   |-- fabric-permissions-api-v0 0.4.1
	   |-- jakarta_inject_jakarta_inject-api 2.0.1
	   |-- javax_inject_javax_inject 1
	   |-- org_geysermc_cumulus_cumulus 1.1.2
	   |-- org_geysermc_event_events 1.1-SNAPSHOT
	   |-- org_geysermc_geyser_common_unshaded 2.2.1-SNAPSHOT
	   |-- org_java-websocket_java-websocket 1.5.2
	   \-- org_lanternpowered_lmbda 2.0.0
	- geyser-fabric 2.9.0-SNAPSHOT
	   |-- cloud 2.0.0-beta.13
	   |    |-- io_leangen_geantyref_geantyref 1.3.15
	   |    |-- org_incendo_cloud-brigadier 2.0.0-beta.11
	   |    |-- org_incendo_cloud-core 2.0.0
	   |    |-- org_incendo_cloud-minecraft-modded-common-fabric-repack 2.0.0-beta.13
	   |    \-- org_incendo_cloud-services 2.0.0
	   |-- com_fasterxml_jackson_core_jackson-annotations 2.18.0
	   |-- com_fasterxml_jackson_core_jackson-core 2.18.0
	   |-- com_fasterxml_jackson_core_jackson-databind 2.18.0
	   |-- com_fasterxml_jackson_dataformat_jackson-dataformat-yaml 2.18.0
	   |-- com_google_errorprone_error_prone_annotations 2.27.0
	   |-- com_nukkitx_natives 1.0.3
	   |-- fabric-permissions-api-v0 0.4.1
	   |-- io_airlift_aircompressor 0.27
	   |-- io_jsonwebtoken_jjwt-api 0.12.6
	   |-- io_jsonwebtoken_jjwt-gson 0.12.6
	   |-- io_jsonwebtoken_jjwt-impl 0.12.6
	   |-- io_netty_netty-codec-haproxy 4.2.3
	   |-- net_jodah_expiringmap 0.5.10
	   |-- net_kyori_adventure-api 4.24.0
	   |-- net_kyori_adventure-key 4.24.0
	   |-- net_kyori_adventure-nbt 4.24.0
	   |-- net_kyori_adventure-text-serializer-commons 4.24.0
	   |-- net_kyori_adventure-text-serializer-gson 4.24.0
	   |-- net_kyori_adventure-text-serializer-json 4.24.0
	   |-- net_kyori_adventure-text-serializer-json-legacy-impl 4.24.0
	   |-- net_kyori_adventure-text-serializer-legacy 4.24.0
	   |-- net_kyori_adventure-text-serializer-plain 4.24.0
	   |-- net_kyori_examination-api 1.3.0
	   |-- net_kyori_examination-string 1.3.0
	   |-- net_kyori_option 1.1.0
	   |-- net_lenni0451_commons_httpclient 1.6.0
	   |-- net_raphimc_minecraftauth 4.1.1
	   |-- org_bitbucket_b_c_jose4j 0.9.6
	   |-- org_cloudburstmc_math_api 2.0
	   |-- org_cloudburstmc_math_immutable 2.0
	   |-- org_cloudburstmc_nbt 3.0.3
	   |-- org_geysermc_api_base-api 1.0.2
	   |-- org_geysermc_cumulus_cumulus 1.1.2
	   |-- org_geysermc_event_events 1.1-SNAPSHOT
	   |-- org_lanternpowered_lmbda 2.0.0
	   \-- org_yaml_snakeyaml 2.2
	- java 21
	- minecraft 1.21.10
	- skinrestorer 2.4.3+1.21.9-fabric
	   \-- org_mineskin_java-client 3.0.6-SNAPSHOT
[19:44:47] [main/INFO]: SpongePowered MIXIN Subsystem Version=0.8.7 Source=file:/workspaces/minecraft-2/servidor_minecraft/libraries/net/fabricmc/sponge-mixin/0.16.3+mixin.0.8.7/sponge-mixin-0.16.3+mixin.0.8.7.jar Service=Knot/Fabric Env=SERVER
[19:44:48] [main/INFO]: Compatibility level set to JAVA_21
[19:44:48] [main/INFO]: Initializing MixinExtras via com.llamalad7.mixinextras.service.MixinExtrasServiceImpl(version=0.5.0).
[19:44:55] [main/WARN]: en_ is not a supported Floodgate language.
[19:44:56] [main/INFO]: Loading extensions...
[19:44:56] [main/INFO]: Loaded 0 extension(s)
[19:44:57] [main/INFO]: Environment: Environment[sessionHost=https://sessionserver.mojang.com, servicesHost=https://api.minecraftservices.com, profilesHost=https://api.mojang.com, name=PROD]
[19:44:59] [main/INFO]: Loaded 1461 recipes
[19:44:59] [main/INFO]: Loaded 1574 advancements
[19:44:59] [main/INFO]: Applied 0 biome modifications to 0 of 65 new biomes in 1.414 ms
[19:44:59] [Server thread/INFO]: Starting minecraft server version 1.21.10
[19:44:59] [Server thread/INFO]: Loading properties
[19:44:59] [Server thread/INFO]: Default game type: SURVIVAL
[19:44:59] [Server thread/INFO]: Generating keypair
[19:44:59] [Server thread/INFO]: Starting Minecraft server on *:25565
[19:44:59] [Server thread/INFO]: Using epoll channel type
[19:44:59] [Server thread/WARN]: **** SERVER IS RUNNING IN OFFLINE/INSECURE MODE!
[19:44:59] [Server thread/WARN]: The server will make no attempt to authenticate usernames. Beware.
[19:44:59] [Server thread/WARN]: While this makes the game possible to play without internet access, it also opens up the ability for hackers to connect with any username they choose.
[19:44:59] [Server thread/WARN]: To change this, set "online-mode" to "true" in the server.properties file.
[19:44:59] [Server thread/INFO]: Preparing level "world"
[19:45:00] [Server thread/INFO]: Loading 0 persistent chunks...
[19:45:00] [Server thread/INFO]: Preparing spawn area: 100%
[19:45:00] [Server thread/INFO]: Time elapsed: 66 ms
[19:45:00] [Server thread/INFO]: Done (0.896s)! For help, type "help"
[19:45:00] [Server thread/INFO]: Took 45ms to boot Floodgate
[19:45:00] [Server thread/INFO]: ******************************************
[19:45:00] [Server thread/INFO]: 
[19:45:00] [Server thread/INFO]: Loading Geyser version 2.9.0-b952 (git-master-3f7da1d)
[19:45:00] [Server thread/INFO]: 
[19:45:00] [Server thread/INFO]: ******************************************
[19:45:06] [GeyserServer-3-1/INFO]: Started Geyser on UDP port 19132
[19:45:06] [Server thread/INFO]: Done (5.293s)! Run /geyser help for help!
[19:45:06] [Server thread/WARN]: Can't keep up! Is the server overloaded? Running 5466ms or 109 ticks behind
[19:45:25] [Server thread/INFO]: GaZZeLLe_718[/127.113.153.239:52849] logged in with entity id 68 at (-266.07995109260725, 128.0, -628.2513844634062)
[19:45:25] [Server thread/INFO]: GaZZeLLe_718 joined the game
